<?xml version="1.0" encoding="UTF-8" ?>
<testsuite failures="0" time="2.433" errors="0" skipped="0" tests="3" name="no.nith.pg560.infrastructure.UserJpaRepositoryIntegrationTest">
  <properties>
[...]
</properties>
  <testcase time="2.196" classname="no.nith.pg560.infrastructure.UserJpaRepositoryIntegrationTest" name="testGetUser"/>
  <testcase time="0.042" classname="no.nith.pg560.infrastructure.UserJpaRepositoryIntegrationTest" name="testPersistUser"/>
  <testcase time="0.044" classname="no.nith.pg560.infrastructure.UserJpaRepositoryIntegrationTest" name="testDeleteUser"/>
</testsuite>